timestamp: 2017-02-15T00:21:31.813334
CREATE TABLE auth_user(
    id INTEGER PRIMARY KEY AUTOINCREMENT,
    first_name CHAR(128),
    last_name CHAR(128),
    email CHAR(512),
    password CHAR(512),
    registration_key CHAR(512),
    reset_password_key CHAR(512),
    registration_id CHAR(512)
);
success!
timestamp: 2017-02-15T00:21:31.819563
CREATE TABLE auth_group(
    id INTEGER PRIMARY KEY AUTOINCREMENT,
    role CHAR(512),
    description TEXT
);
success!
timestamp: 2017-02-15T00:21:31.823116
CREATE TABLE auth_membership(
    id INTEGER PRIMARY KEY AUTOINCREMENT,
    user_id INTEGER REFERENCES auth_user (id) ON DELETE CASCADE  ,
    group_id INTEGER REFERENCES auth_group (id) ON DELETE CASCADE  
);
success!
timestamp: 2017-02-15T00:21:31.826703
CREATE TABLE auth_permission(
    id INTEGER PRIMARY KEY AUTOINCREMENT,
    group_id INTEGER REFERENCES auth_group (id) ON DELETE CASCADE  ,
    name CHAR(512),
    table_name CHAR(512),
    record_id INTEGER
);
success!
timestamp: 2017-02-15T00:21:31.830318
CREATE TABLE auth_event(
    id INTEGER PRIMARY KEY AUTOINCREMENT,
    time_stamp TIMESTAMP,
    client_ip CHAR(512),
    user_id INTEGER REFERENCES auth_user (id) ON DELETE CASCADE  ,
    origin CHAR(512),
    description TEXT
);
success!
timestamp: 2017-02-15T00:21:31.834159
CREATE TABLE auth_cas(
    id INTEGER PRIMARY KEY AUTOINCREMENT,
    user_id INTEGER REFERENCES auth_user (id) ON DELETE CASCADE  ,
    created_on TIMESTAMP,
    service CHAR(512),
    ticket CHAR(512),
    renew CHAR(1)
);
success!
timestamp: 2017-02-15T00:21:31.839171
CREATE TABLE course(
    id INTEGER PRIMARY KEY AUTOINCREMENT,
    name CHAR(512),
    title CHAR(512),
    units INTEGER,
    prerequisites TEXT,
    offerings TEXT
);
success!
timestamp: 2017-02-15T00:21:31.843051
CREATE TABLE program(
    id INTEGER PRIMARY KEY AUTOINCREMENT,
    name CHAR(512),
    requirements TEXT
);
success!
DELETE FROM course;
DELETE FROM sqlite_sequence WHERE name='course';
success!
DELETE FROM program;
DELETE FROM sqlite_sequence WHERE name='program';
success!
DELETE FROM course;
DELETE FROM sqlite_sequence WHERE name='course';
success!
DELETE FROM program;
DELETE FROM sqlite_sequence WHERE name='program';
success!
DELETE FROM course;
DELETE FROM sqlite_sequence WHERE name='course';
success!
DELETE FROM program;
DELETE FROM sqlite_sequence WHERE name='program';
success!
DELETE FROM course;
DELETE FROM sqlite_sequence WHERE name='course';
success!
DELETE FROM program;
DELETE FROM sqlite_sequence WHERE name='program';
success!
DELETE FROM course;
DELETE FROM sqlite_sequence WHERE name='course';
success!
DELETE FROM program;
DELETE FROM sqlite_sequence WHERE name='program';
success!
DELETE FROM course;
DELETE FROM sqlite_sequence WHERE name='course';
success!
DELETE FROM program;
DELETE FROM sqlite_sequence WHERE name='program';
success!
DELETE FROM course;
DELETE FROM sqlite_sequence WHERE name='course';
success!
DELETE FROM program;
DELETE FROM sqlite_sequence WHERE name='program';
success!
DELETE FROM course;
DELETE FROM sqlite_sequence WHERE name='course';
success!
DELETE FROM program;
DELETE FROM sqlite_sequence WHERE name='program';
success!
DELETE FROM course;
DELETE FROM sqlite_sequence WHERE name='course';
success!
DELETE FROM program;
DELETE FROM sqlite_sequence WHERE name='program';
success!
DELETE FROM course;
DELETE FROM sqlite_sequence WHERE name='course';
success!
DELETE FROM program;
DELETE FROM sqlite_sequence WHERE name='program';
success!
DELETE FROM course;
DELETE FROM sqlite_sequence WHERE name='course';
success!
DELETE FROM program;
DELETE FROM sqlite_sequence WHERE name='program';
success!
DELETE FROM course;
DELETE FROM sqlite_sequence WHERE name='course';
success!
DELETE FROM program;
DELETE FROM sqlite_sequence WHERE name='program';
success!
DELETE FROM course;
DELETE FROM sqlite_sequence WHERE name='course';
success!
DELETE FROM program;
DELETE FROM sqlite_sequence WHERE name='program';
success!
DELETE FROM course;
DELETE FROM sqlite_sequence WHERE name='course';
success!
DELETE FROM program;
DELETE FROM sqlite_sequence WHERE name='program';
success!
DELETE FROM course;
DELETE FROM sqlite_sequence WHERE name='course';
success!
DELETE FROM program;
DELETE FROM sqlite_sequence WHERE name='program';
success!
DELETE FROM course;
DELETE FROM sqlite_sequence WHERE name='course';
success!
DELETE FROM program;
DELETE FROM sqlite_sequence WHERE name='program';
success!
DELETE FROM course;
DELETE FROM sqlite_sequence WHERE name='course';
success!
DELETE FROM program;
DELETE FROM sqlite_sequence WHERE name='program';
success!
